<?xml version="1.0" encoding="UTF-8"?>
<testsuite name="controller.UserControllerIntegrationTest" tests="2" skipped="0" failures="0" errors="0" timestamp="2024-03-30T23:48:36" hostname="Sergiis-MacBook-Pro.local" time="0.853">
  <properties/>
  <testcase name="testSave()" classname="controller.UserControllerIntegrationTest" time="0.797"/>
  <testcase name="testGetOne()" classname="controller.UserControllerIntegrationTest" time="0.055"/>
  <system-out><![CDATA[17:48:31.187 [Test worker] INFO org.springframework.boot.devtools.restart.RestartApplicationListener -- Restart disabled due to context in which it is running

  .   ____          _            __ _ _
 /\\ / ___'_ __ _ _(_)_ __  __ _ \ \ \ \
( ( )\___ | '_ | '_| | '_ \/ _` | \ \ \ \
 \\/  ___)| |_)| | | | | || (_| |  ) ) ) )
  '  |____| .__|_| |_|_| |_\__, | / / / /
 =========|_|==============|___/=/_/_/_/
 :: Spring Boot ::                (v3.2.4)

2024-03-30T17:48:31.453-06:00  INFO 4935 --- [    Test worker] c.UserControllerIntegrationTest          : Starting UserControllerIntegrationTest using Java 17.0.10 with PID 4935 (started by sergiiborsuk in /Users/sergiiborsuk/IdeaProjects/rest-api)
2024-03-30T17:48:31.455-06:00  INFO 4935 --- [    Test worker] c.UserControllerIntegrationTest          : No active profile set, falling back to 1 default profile: "default"
2024-03-30T17:48:32.267-06:00  INFO 4935 --- [    Test worker] .s.d.r.c.RepositoryConfigurationDelegate : Bootstrapping Spring Data JPA repositories in DEFAULT mode.
2024-03-30T17:48:32.325-06:00  INFO 4935 --- [    Test worker] .s.d.r.c.RepositoryConfigurationDelegate : Finished Spring Data repository scanning in 50 ms. Found 2 JPA repository interfaces.
2024-03-30T17:48:32.894-06:00  INFO 4935 --- [    Test worker] o.s.b.w.embedded.tomcat.TomcatWebServer  : Tomcat initialized with port 0 (http)
2024-03-30T17:48:32.908-06:00  INFO 4935 --- [    Test worker] o.apache.catalina.core.StandardService   : Starting service [Tomcat]
2024-03-30T17:48:32.908-06:00  INFO 4935 --- [    Test worker] o.apache.catalina.core.StandardEngine    : Starting Servlet engine: [Apache Tomcat/10.1.19]
2024-03-30T17:48:32.983-06:00  INFO 4935 --- [    Test worker] o.a.c.c.C.[Tomcat].[localhost].[/]       : Initializing Spring embedded WebApplicationContext
2024-03-30T17:48:32.984-06:00  INFO 4935 --- [    Test worker] w.s.c.ServletWebServerApplicationContext : Root WebApplicationContext: initialization completed in 1508 ms
2024-03-30T17:48:33.128-06:00  INFO 4935 --- [    Test worker] com.zaxxer.hikari.HikariDataSource       : HikariPool-1 - Starting...
2024-03-30T17:48:33.312-06:00  INFO 4935 --- [    Test worker] com.zaxxer.hikari.pool.HikariPool        : HikariPool-1 - Added connection conn0: url=jdbc:h2:mem:3d622843-1218-4e85-92f4-8a64a8fbf78b user=SA
2024-03-30T17:48:33.314-06:00  INFO 4935 --- [    Test worker] com.zaxxer.hikari.HikariDataSource       : HikariPool-1 - Start completed.
2024-03-30T17:48:33.358-06:00  INFO 4935 --- [    Test worker] o.hibernate.jpa.internal.util.LogHelper  : HHH000204: Processing PersistenceUnitInfo [name: default]
2024-03-30T17:48:33.409-06:00  INFO 4935 --- [    Test worker] org.hibernate.Version                    : HHH000412: Hibernate ORM core version 6.4.4.Final
2024-03-30T17:48:33.443-06:00  INFO 4935 --- [    Test worker] o.h.c.internal.RegionFactoryInitiator    : HHH000026: Second-level cache disabled
2024-03-30T17:48:33.672-06:00  INFO 4935 --- [    Test worker] o.s.o.j.p.SpringPersistenceUnitInfo      : No LoadTimeWeaver setup: ignoring JPA class transformer
2024-03-30T17:48:34.497-06:00  INFO 4935 --- [    Test worker] o.h.e.t.j.p.i.JtaPlatformInitiator       : HHH000489: No JTA platform available (set 'hibernate.transaction.jta.platform' to enable JTA platform integration)
2024-03-30T17:48:34.534-06:00  INFO 4935 --- [    Test worker] j.LocalContainerEntityManagerFactoryBean : Initialized JPA EntityManagerFactory for persistence unit 'default'
2024-03-30T17:48:35.236-06:00  WARN 4935 --- [    Test worker] JpaBaseConfiguration$JpaWebConfiguration : spring.jpa.open-in-view is enabled by default. Therefore, database queries may be performed during view rendering. Explicitly configure spring.jpa.open-in-view to disable this warning
2024-03-30T17:48:36.479-06:00  INFO 4935 --- [    Test worker] o.s.b.w.embedded.tomcat.TomcatWebServer  : Tomcat started on port 51766 (http) with context path ''
2024-03-30T17:48:36.489-06:00  INFO 4935 --- [    Test worker] c.UserControllerIntegrationTest          : Started UserControllerIntegrationTest in 5.312 seconds (process running for 6.446)
2024-03-30T17:48:36.551-06:00  INFO 4935 --- [    Test worker] org.company.config.LoadDatabase          : Preloading User(name=John Johnson, email=john.johnson@example.com, phone=12345678, id=1, createdAtUtc=2024-03-30T23:48:36.492481Z, updatedAtUtc=2024-03-30T23:48:36.492509Z)
2024-03-30T17:48:36.551-06:00  INFO 4935 --- [    Test worker] org.company.config.LoadDatabase          : Preloading User(name=Steve Stephenson, email=steve.stephenson@example.com, phone=987654321, id=2, createdAtUtc=2024-03-30T23:48:36.545471Z, updatedAtUtc=2024-03-30T23:48:36.545489Z)
2024-03-30T17:48:36.552-06:00  INFO 4935 --- [    Test worker] org.company.config.LoadDatabase          : Preloading User(name=Jack Jackson, email=jack.jackson@example.com, phone=0908978874233, id=3, createdAtUtc=2024-03-30T23:48:36.546790Z, updatedAtUtc=2024-03-30T23:48:36.546803Z)
2024-03-30T17:48:36.552-06:00  INFO 4935 --- [    Test worker] org.company.config.LoadDatabase          : Preloading User(name=Pete Peterson, email=pete.peterson@example.com, phone=12345678, id=4, createdAtUtc=2024-03-30T23:48:36.547787Z, updatedAtUtc=2024-03-30T23:48:36.547800Z)
2024-03-30T17:48:36.552-06:00  INFO 4935 --- [    Test worker] org.company.config.LoadDatabase          : Preloading User(name=Charles Carlson, email=charles.carlson@example.com, phone=09098776123, id=5, createdAtUtc=2024-03-30T23:48:36.548764Z, updatedAtUtc=2024-03-30T23:48:36.548775Z)
2024-03-30T17:48:36.552-06:00  INFO 4935 --- [    Test worker] org.company.config.LoadDatabase          : Preloading User(name=Bob Robertson, email=bob.robertson@example.com, phone=7676321123, id=6, createdAtUtc=2024-03-30T23:48:36.549640Z, updatedAtUtc=2024-03-30T23:48:36.549650Z)
2024-03-30T17:48:36.552-06:00  INFO 4935 --- [    Test worker] org.company.config.LoadDatabase          : Preloading User(name=Brian Brianson, email=brian.brianson@example.com, phone=87423784623746, id=7, createdAtUtc=2024-03-30T23:48:36.550489Z, updatedAtUtc=2024-03-30T23:48:36.550499Z)
2024-03-30T17:48:36.564-06:00  INFO 4935 --- [    Test worker] org.company.config.LoadDatabase          : Preloading Friends(first=1, second=2, id=1, createdAtUtc=2024-03-30T23:48:36.552716Z, updatedAtUtc=2024-03-30T23:48:36.552728Z)
2024-03-30T17:48:36.564-06:00  INFO 4935 --- [    Test worker] org.company.config.LoadDatabase          : Preloading Friends(first=2, second=3, id=2, createdAtUtc=2024-03-30T23:48:36.556232Z, updatedAtUtc=2024-03-30T23:48:36.556250Z)
2024-03-30T17:48:36.564-06:00  INFO 4935 --- [    Test worker] org.company.config.LoadDatabase          : Preloading Friends(first=3, second=4, id=3, createdAtUtc=2024-03-30T23:48:36.557512Z, updatedAtUtc=2024-03-30T23:48:36.557526Z)
2024-03-30T17:48:36.564-06:00  INFO 4935 --- [    Test worker] org.company.config.LoadDatabase          : Preloading Friends(first=4, second=5, id=4, createdAtUtc=2024-03-30T23:48:36.558381Z, updatedAtUtc=2024-03-30T23:48:36.558391Z)
2024-03-30T17:48:36.565-06:00  INFO 4935 --- [    Test worker] org.company.config.LoadDatabase          : Preloading Friends(first=5, second=6, id=5, createdAtUtc=2024-03-30T23:48:36.559192Z, updatedAtUtc=2024-03-30T23:48:36.559202Z)
2024-03-30T17:48:36.565-06:00  INFO 4935 --- [    Test worker] org.company.config.LoadDatabase          : Preloading Friends(first=6, second=7, id=6, createdAtUtc=2024-03-30T23:48:36.560063Z, updatedAtUtc=2024-03-30T23:48:36.560073Z)
2024-03-30T17:48:37.288-06:00  INFO 4935 --- [o-auto-1-exec-1] o.a.c.c.C.[Tomcat].[localhost].[/]       : Initializing Spring DispatcherServlet 'dispatcherServlet'
2024-03-30T17:48:37.289-06:00  INFO 4935 --- [o-auto-1-exec-1] o.s.web.servlet.DispatcherServlet        : Initializing Servlet 'dispatcherServlet'
2024-03-30T17:48:37.290-06:00  INFO 4935 --- [o-auto-1-exec-1] o.s.web.servlet.DispatcherServlet        : Completed initialization in 1 ms
User(name=Smith Smith, email=smith.smith@example.com, phone=1234123123, id=9, createdAtUtc=2024-03-30T23:48:37.390197Z, updatedAtUtc=2024-03-30T23:48:37.390214Z)]]></system-out>
  <system-err><![CDATA[]]></system-err>
</testsuite>
